[debug] [2022-01-14T23:49:06.597Z] ----------------------------------------------------------------------
[debug] [2022-01-14T23:49:06.599Z] Command:       C:\Program Files\nodejs\node.exe C:\Users\M Muaz Shahzad\AppData\Roaming\npm\node_modules\firebase-tools\lib\bin\firebase.js deploy
[debug] [2022-01-14T23:49:06.600Z] CLI Version:   10.1.0
[debug] [2022-01-14T23:49:06.600Z] Platform:      win32
[debug] [2022-01-14T23:49:06.600Z] Node Version:  v16.13.1
[debug] [2022-01-14T23:49:06.601Z] Time:          Fri Jan 14 2022 15:49:06 GMT-0800 (Pacific Standard Time)
[debug] [2022-01-14T23:49:06.602Z] ----------------------------------------------------------------------
[debug] 
[debug] [2022-01-14T23:49:06.666Z] > command requires scopes: ["email","openid","https://www.googleapis.com/auth/cloudplatformprojects.readonly","https://www.googleapis.com/auth/firebase","https://www.googleapis.com/auth/cloud-platform"]
[debug] [2022-01-14T23:49:06.667Z] > authorizing via signed-in user (bahriauniversity2020@gmail.com)
[debug] [2022-01-14T23:49:06.667Z] [iam] checking project client-5b70b for permissions ["firebase.projects.get","firebasehosting.sites.update"]
[debug] [2022-01-14T23:49:06.669Z] > refreshing access token with scopes: ["email","https://www.googleapis.com/auth/cloud-platform","https://www.googleapis.com/auth/cloudplatformprojects.readonly","https://www.googleapis.com/auth/firebase","openid"]
[debug] [2022-01-14T23:49:06.670Z] >>> HTTP REQUEST POST https://www.googleapis.com/oauth2/v3/token  
 <request body omitted>
[debug] [2022-01-14T23:49:27.742Z] [iam] error while checking permissions, command may fail: FirebaseError: Authentication Error: Your credentials are no longer valid. Please run firebase login --reauth

For CI servers and headless environments, generate a new token with firebase login:ci
[debug] [2022-01-14T23:49:27.744Z] >>> [apiv2][query] GET https://firebase.googleapis.com/v1beta1/projects/client-5b70b [none]
[debug] [2022-01-14T23:49:31.778Z] Failed to make request to https://firebase.googleapis.com/v1beta1/projects/client-5b70b
[debug] [2022-01-14T23:49:31.828Z] FirebaseError: Failed to make request to https://firebase.googleapis.com/v1beta1/projects/client-5b70b
    at Client.doRequest (C:\Users\M Muaz Shahzad\AppData\Roaming\npm\node_modules\firebase-tools\lib\apiv2.js:213:19)
    at processTicksAndRejections (node:internal/process/task_queues:96:5)
    at async Client.request (C:\Users\M Muaz Shahzad\AppData\Roaming\npm\node_modules\firebase-tools\lib\apiv2.js:96:20)
    at async getFirebaseProject (C:\Users\M Muaz Shahzad\AppData\Roaming\npm\node_modules\firebase-tools\lib\management\projects.js:290:21)
    at async getDefaultHostingSite (C:\Users\M Muaz Shahzad\AppData\Roaming\npm\node_modules\firebase-tools\lib\getDefaultHostingSite.js:8:21)
    at async requireHostingSite (C:\Users\M Muaz Shahzad\AppData\Roaming\npm\node_modules\firebase-tools\lib\requireHostingSite.js:9:18)
    at async Object.fn (C:\Users\M Muaz Shahzad\AppData\Roaming\npm\node_modules\firebase-tools\lib\commands\deploy.js:73:9)
    at async C:\Users\M Muaz Shahzad\AppData\Roaming\npm\node_modules\firebase-tools\lib\command.js:188:17
[error] 
[error] Error: Failed to get Firebase project client-5b70b. Please make sure the project exists and your account has permission to access it.
